<?xml version="1.0" encoding="UTF-8"?>
<testng-results ignored="0" total="1" passed="1" failed="0" skipped="0">
  <reporter-output>
  </reporter-output>
  <suite started-at="2024-03-08T10:27:20 IST" name="Default suite" finished-at="2024-03-08T10:27:32 IST" duration-ms="12679">
    <groups>
    </groups>
    <test started-at="2024-03-08T10:27:20 IST" name="Default test" finished-at="2024-03-08T10:27:32 IST" duration-ms="12679">
      <class name="testCases.TC_02_login">
        <test-method is-config="true" signature="setup()[pri:0, instance:testCases.TC_02_login@43bc63a3]" started-at="2024-03-08T10:27:20 IST" name="setup" finished-at="2024-03-08T10:27:29 IST" duration-ms="9094" status="PASS">
          <reporter-output>
          </reporter-output>
        </test-method> <!-- setup -->
        <test-method signature="LoginAccount()[pri:0, instance:testCases.TC_02_login@43bc63a3]" started-at="2024-03-08T10:27:29 IST" name="LoginAccount" finished-at="2024-03-08T10:27:32 IST" duration-ms="2719" status="PASS">
          <reporter-output>
          </reporter-output>
        </test-method> <!-- LoginAccount -->
        <test-method is-config="true" signature="close()[pri:0, instance:testCases.TC_02_login@43bc63a3]" started-at="2024-03-08T10:27:32 IST" name="close" finished-at="2024-03-08T10:27:32 IST" duration-ms="771" status="PASS">
          <reporter-output>
          </reporter-output>
        </test-method> <!-- close -->
      </class> <!-- testCases.TC_02_login -->
    </test> <!-- Default test -->
  </suite> <!-- Default suite -->
</testng-results>
