<?xml version="1.0" encoding="UTF-8"?>
<testng-results ignored="0" total="1" passed="1" failed="0" skipped="0">
  <reporter-output>
  </reporter-output>
  <suite started-at="2024-05-01T11:31:31 IST" name="Default suite" finished-at="2024-05-01T11:31:53 IST" duration-ms="22098">
    <groups>
    </groups>
    <test started-at="2024-05-01T11:31:31 IST" name="Default test" finished-at="2024-05-01T11:31:53 IST" duration-ms="22098">
      <class name="testCases.TC_006">
        <test-method is-config="true" signature="setup()[pri:0, instance:testCases.TC_006@43bc63a3]" started-at="2024-05-01T11:31:31 IST" name="setup" finished-at="2024-05-01T11:31:38 IST" duration-ms="6613" status="PASS">
          <reporter-output>
          </reporter-output>
        </test-method> <!-- setup -->
        <test-method signature="register()[pri:0, instance:testCases.TC_006@43bc63a3]" started-at="2024-05-01T11:31:38 IST" name="register" finished-at="2024-05-01T11:31:52 IST" duration-ms="14616" status="PASS">
          <reporter-output>
          </reporter-output>
        </test-method> <!-- register -->
        <test-method is-config="true" signature="close()[pri:0, instance:testCases.TC_006@43bc63a3]" started-at="2024-05-01T11:31:52 IST" name="close" finished-at="2024-05-01T11:31:53 IST" duration-ms="775" status="PASS">
          <reporter-output>
          </reporter-output>
        </test-method> <!-- close -->
      </class> <!-- testCases.TC_006 -->
    </test> <!-- Default test -->
  </suite> <!-- Default suite -->
</testng-results>
